CODONML (in paml version 4.8a, August 2014)  ADH_alignment_all.phy
Model: several dN/dS ratios for branches for branches,  kappa = 1.000 fixed

Codon frequency model: F3x4
ns =  35  ls = 250

Codon usage in sequences
--------------------------------------------------------------------------------------------------------------------------------------
Phe TTT   8   9   9   9   9   9 | Ser TCT   3   2   2   2   2   2 | Tyr TAT   3   2   2   2   2   2 | Cys TGT   3   4   4   4   4   3
    TTC   5   4   4   4   3   4 |     TCC   4   3   3   2   3   3 |     TAC   1   1   1   1   1   1 |     TGC   5   4   4   4   4   5
Leu TTA   1   2   2   3   2   1 |     TCA   2   3   3   4   3   2 | *** TAA   0   0   0   0   0   0 | *** TGA   0   0   0   0   0   0
    TTG   0   2   2   1   2   3 |     TCG   0   0   0   0   0   1 |     TAG   0   0   0   0   0   0 | Trp TGG   1   1   1   1   1   1
--------------------------------------------------------------------------------------------------------------------------------------
Leu CTT   1   2   2   2   2   2 | Pro CCT   4   3   3   3   3   3 | His CAT   2   3   3   3   3   3 | Arg CGT   1   2   2   2   2   1
    CTC   5   4   4   4   4   4 |     CCC   1   2   2   2   2   1 |     CAC   2   1   1   1   1   1 |     CGC   3   2   2   2   2   3
    CTA   1   0   0   0   0   2 |     CCA   7   7   8   7   7   8 | Gln CAA   2   2   2   2   2   4 |     CGA   0   0   0   0   0   0
    CTG  10   7   7   7   7   5 |     CCG   0   1   0   1   1   1 |     CAG   2   2   2   2   2   1 |     CGG   0   0   0   0   0   0
--------------------------------------------------------------------------------------------------------------------------------------
Ile ATT   7   9  11  12  11  11 | Thr ACT   6  10  10  10   9  10 | Asn AAT   5   4   5   3   5   2 | Ser AGT   2   1   2   1   1   1
    ATC   6   5   4   2   4   3 |     ACC   7   5   5   5   6   5 |     AAC   4   3   2   4   2   5 |     AGC   3   3   2   3   3   3
    ATA   1   3   2   3   3   3 |     ACA   8   8   8   9   9   7 | Lys AAA  13  13  13  12  12  12 | Arg AGA   3   3   3   3   3   3
Met ATG   4   5   5   5   5   5 |     ACG   2   0   0   0   0   1 |     AAG   8  10  11  10  11  10 |     AGG   1   1   1   2   1   1
--------------------------------------------------------------------------------------------------------------------------------------
Val GTT   6   7   6   6   5   6 | Ala GCT   5   8   8   8   9   9 | Asp GAT   6   8   7   8   9   8 | Gly GGT   2   3   3   3   3   3
    GTC   8   4   5   5   5   5 |     GCC   8   4   4   4   3   3 |     GAC   6   6   7   6   5   5 |     GGC   6   5   5   4   4   4
    GTA   1   4   5   5   5   5 |     GCA   4   4   4   4   4   5 | Glu GAA   7   7   6   6   6   7 |     GGA  10  12  12  11  12  12
    GTG  13  10   9   9  10   9 |     GCG   1   0   0   0   0   0 |     GAG   5   7   7   7   7   7 |     GGG   5   3   3   5   4   4
--------------------------------------------------------------------------------------------------------------------------------------

--------------------------------------------------------------------------------------------------------------------------------------
Phe TTT   9   9   9   9   9  10 | Ser TCT   2   2   2   2   2   2 | Tyr TAT   2   1   1   1   3   3 | Cys TGT   3   4   4   4   1   3
    TTC   5   4   4   4   4   4 |     TCC   3   3   4   4   4   4 |     TAC   1   1   1   1   1   1 |     TGC   5   4   4   4   7   6
Leu TTA   1   1   1   1   1   1 |     TCA   2   2   2   2   2   2 | *** TAA   0   0   0   0   0   0 | *** TGA   0   0   0   0   0   0
    TTG   3   3   3   3   3   3 |     TCG   1   0   0   0   0   0 |     TAG   0   0   0   0   0   0 | Trp TGG   1   1   1   1   1   1
--------------------------------------------------------------------------------------------------------------------------------------
Leu CTT   2   2   2   2   1   1 | Pro CCT   3   3   3   3   5   5 | His CAT   3   2   2   2   3   1 | Arg CGT   1   1   1   1   1   0
    CTC   3   4   4   4   3   3 |     CCC   1   2   1   1   0   0 |     CAC   1   3   3   3   2   3 |     CGC   3   3   3   3   3   3
    CTA   2   1   1   1   2   3 |     CCA   8   8   8   8   8   7 | Gln CAA   4   3   3   3   1   2 |     CGA   0   0   0   0   0   1
    CTG   5   6   6   6   6   6 |     CCG   1   1   1   1   0   1 |     CAG   1   1   1   1   3   1 |     CGG   0   0   0   0   1   0
--------------------------------------------------------------------------------------------------------------------------------------
Ile ATT  11  11  11  11   9  11 | Thr ACT  10  10   9  10   8   7 | Asn AAT   3   2   2   2   2   1 | Ser AGT   1   2   2   2   0   1
    ATC   3   3   3   3   5   4 |     ACC   5   5   6   5   5   5 |     AAC   4   4   4   4   3   5 |     AGC   3   3   3   3   6   2
    ATA   3   3   3   3   1   3 |     ACA   7   8   8   8   3   7 | Lys AAA  12  13  13  13  12  14 | Arg AGA   3   3   3   3   2   2
Met ATG   5   5   5   5   6   4 |     ACG   1   0   0   0   5   1 |     AAG  10  10  10  10  11  10 |     AGG   1   1   1   1   1   1
--------------------------------------------------------------------------------------------------------------------------------------
Val GTT   6   7   8   7   8   5 | Ala GCT   9   7   7   7   8  10 | Asp GAT   8   9   9   9  10   9 | Gly GGT   3   3   3   3   4   3
    GTC   5   5   5   5   6   6 |     GCC   3   4   4   4   5   3 |     GAC   5   4   4   4   4   6 |     GGC   4   4   5   4   5   5
    GTA   5   4   3   4   2   3 |     GCA   5   5   5   5   5   6 | Glu GAA   6   6   6   6   8   8 |     GGA  12  12  12  12  11  12
    GTG   9  10  10  10  11  10 |     GCG   0   0   0   0   0   1 |     GAG   8   8   8   8   4   4 |     GGG   4   4   3   4   3   4
--------------------------------------------------------------------------------------------------------------------------------------

--------------------------------------------------------------------------------------------------------------------------------------
Phe TTT   9   6   9  12   9   9 | Ser TCT   2   1   2   0   0   0 | Tyr TAT   2   1   3   2   2   2 | Cys TGT   3   2   3   2   2   2
    TTC   4   7   4   3   5   5 |     TCC   4   5   4   4   4   4 |     TAC   2   2   1   2   2   2 |     TGC   5   6   5   6   6   6
Leu TTA   1   1   0   2   2   2 |     TCA   2   2   2   3   3   3 | *** TAA   0   0   0   0   0   0 | *** TGA   0   0   0   0   0   0
    TTG   2   2   2   3   2   2 |     TCG   1   0   0   0   0   0 |     TAG   0   0   0   0   0   0 | Trp TGG   1   1   1   1   1   1
--------------------------------------------------------------------------------------------------------------------------------------
Leu CTT   2   0   2   2   2   2 | Pro CCT   4   2   2   4   5   5 | His CAT   0   1   3   3   2   2 | Arg CGT   1   1   1   1   2   2
    CTC   6   5   4   5   5   5 |     CCC   1   4   2   2   1   1 |     CAC   4   4   1   0   2   2 |     CGC   3   3   3   2   2   2
    CTA   1   2   2   1   2   2 |     CCA   6   3   7   6   7   7 | Gln CAA   1   1   2   1   2   2 |     CGA   0   0   0   0   0   0
    CTG   5   8   6   5   4   4 |     CCG   2   4   1   0   0   0 |     CAG   2   2   1   2   1   1 |     CGG   0   0   0   1   0   0
--------------------------------------------------------------------------------------------------------------------------------------
Ile ATT   5   5  11  13  12  13 | Thr ACT   5   3   8   8   6   5 | Asn AAT   1   1   3   3   4   3 | Ser AGT   2   1   3   2   1   1
    ATC   6   7   4   3   4   4 |     ACC   7   8   4   4   6   7 |     AAC   5   6   4   5   4   4 |     AGC   2   3   4   2   3   3
    ATA   4   2   2   2   3   3 |     ACA   5   3   6   5   5   5 | Lys AAA  13  10  12  15  15  15 | Arg AGA   3   2   3   3   3   3
Met ATG   4   5   4   4   6   6 |     ACG   4   7   0   2   2   3 |     AAG  11  11  11   9   9   9 |     AGG   1   4   1   0   1   1
--------------------------------------------------------------------------------------------------------------------------------------
Val GTT   5   5   6   6   6   5 | Ala GCT   8   4  10   9   7   6 | Asp GAT   7   6   6   9   9  10 | Gly GGT   2   2   5   5   4   4
    GTC  11   6   5   6   4   4 |     GCC   5   9   6   4   5   4 |     GAC   7   7   6   5   5   5 |     GGC   5   6   4   2   3   3
    GTA   2   0   5   2   2   2 |     GCA   4   5   5   6   5   5 | Glu GAA   9   6  10   9   8   8 |     GGA  11   7   9  11  12  12
    GTG  11  16  11  12  10  11 |     GCG   0   2   0   0   2   2 |     GAG   4   7   4   5   5   5 |     GGG   5   8   5   4   4   4
--------------------------------------------------------------------------------------------------------------------------------------

--------------------------------------------------------------------------------------------------------------------------------------
Phe TTT   9  10  11  13  13  10 | Ser TCT   1   2   0   2   3   1 | Tyr TAT   2   1   2   3   2   4 | Cys TGT   2   3   2   2   2   2
    TTC   5   5   2   1   2   3 |     TCC   4   4   3   4   3   2 |     TAC   2   3   3   1   1   0 |     TGC   6   5   6   7   7   6
Leu TTA   3   3   3   4   4   2 |     TCA   3   3   3   3   3   3 | *** TAA   0   0   0   0   0   0 | *** TGA   0   0   0   0   0   0
    TTG   1   2   2   2   1   3 |     TCG   0   0   0   0   0   0 |     TAG   0   0   0   0   0   0 | Trp TGG   1   1   1   2   1   1
--------------------------------------------------------------------------------------------------------------------------------------
Leu CTT   2   2   2   2   3   3 | Pro CCT   6   5   4   5   5   6 | His CAT   2   1   3   2   3   2 | Arg CGT   2   2   2   1   1   1
    CTC   6   5   5   5   4   2 |     CCC   1   1   3   2   1   2 |     CAC   2   3   1   1   1   2 |     CGC   2   2   2   2   2   3
    CTA   2   3   0   0   0   2 |     CCA   6   6   4   6   6   5 | Gln CAA   2   1   1   0   1   2 |     CGA   0   0   0   0   1   0
    CTG   3   5   7   6   6   6 |     CCG   0   0   0   0   1   0 |     CAG   1   2   3   2   3   1 |     CGG   0   0   0   1   0   0
--------------------------------------------------------------------------------------------------------------------------------------
Ile ATT  11  12   9  13   7   8 | Thr ACT   6   5   6   4   5   9 | Asn AAT   3   1   3   3   3   2 | Ser AGT   2   3   3   3   1   3
    ATC   4   3   3   6   6   4 |     ACC   5   6   4   2   4   4 |     AAC   4   4   4   3   2   5 |     AGC   2   2   3   3   3   1
    ATA   4   1   2   1   1   2 |     ACA   5   4   5   7   4   5 | Lys AAA  15  15  14  16  18  13 | Arg AGA   3   3   3   3   3   4
Met ATG   6   4   2   5   6   4 |     ACG   3   3   5   2   5   4 |     AAG   9  10   9  11   7  12 |     AGG   1   0   2   0   1   1
--------------------------------------------------------------------------------------------------------------------------------------
Val GTT   6  10  12   9  10   7 | Ala GCT   6   6   8   4   5  10 | Asp GAT  10  11   8   9   8  10 | Gly GGT   4   3   4   3   3   3
    GTC   4   4   2   2   4  10 |     GCC   5   6   5   7   7   3 |     GAC   5   4   6   4   5   4 |     GGC   3   4   2   5   3   5
    GTA   2   2   3   4   3   1 |     GCA   5   5   4   4   6   5 | Glu GAA   8   8   8  10   8  10 |     GGA  12  12  13  11  11  10
    GTG  11  10  12   6   9   9 |     GCG   1   0   1   3   3   0 |     GAG   5   4   6   5   5   3 |     GGG   4   5   4   3   4   5
--------------------------------------------------------------------------------------------------------------------------------------

--------------------------------------------------------------------------------------------------------------------------------------
Phe TTT   6   7   7  10   7   7 | Ser TCT   2   2   2   2   1   2 | Tyr TAT   2   2   2   2   3   3 | Cys TGT   2   2   3   5   7   6
    TTC   7   6   5   3   5   5 |     TCC   4   4   3   4   3   3 |     TAC   1   1   1   2   2   3 |     TGC   6   6   5   4   4   4
Leu TTA   0   0   0   0   2   2 |     TCA   3   2   3   2   3   3 | *** TAA   0   0   0   0   0   0 | *** TGA   0   0   0   0   0   0
    TTG   6   5   4   1   3   3 |     TCG   0   2   1   0   0   0 |     TAG   0   0   0   0   0   0 | Trp TGG   1   1   1   3   1   1
--------------------------------------------------------------------------------------------------------------------------------------
Leu CTT   2   0   1   2   1   2 | Pro CCT   2   5   3   4   4   3 | His CAT   1   2   3   3   4   3 | Arg CGT   2   3   2   0   0   1
    CTC   4   5   6   3   4   4 |     CCC   5   1   2   2   1   1 |     CAC   3   2   1   2   2   1 |     CGC   0   1   1   1   0   0
    CTA   2   2   3   3   3   3 |     CCA   5   6   8   6   5   5 | Gln CAA   1   0   1   3   3   3 |     CGA   0   0   0   0   0   0
    CTG   5   7   6   6   6   6 |     CCG   2   1   0   0   0   0 |     CAG   4   4   4   1   1   1 |     CGG   1   0   1   0   0   0
--------------------------------------------------------------------------------------------------------------------------------------
Ile ATT   7   4   3   7   6   7 | Thr ACT   6   6   5  10   9  11 | Asn AAT   1   2   2   3   3   2 | Ser AGT   2   2   2   3   1   1
    ATC   5   5   5   4   5   5 |     ACC   6   8   7   4   2   2 |     AAC   6   6   4   2   4   4 |     AGC   4   2   3   4   5   5
    ATA   1   3   3   1   5   5 |     ACA   5   4   4   7   5   5 | Lys AAA   7   8   9  11  14  13 | Arg AGA   3   4   4   3   4   4
Met ATG   5   5   5   5   4   5 |     ACG   4   3   4   3   2   1 |     AAG  13  13  11   9  11  12 |     AGG   2   1   1   1   2   2
--------------------------------------------------------------------------------------------------------------------------------------
Val GTT   8   9   8   9   5   5 | Ala GCT   8   7   7   9   8   8 | Asp GAT   6   5   5   9   7   8 | Gly GGT   4   4   3   4   4   3
    GTC   6   6   7   7   7   7 |     GCC   6   6   7   4   6   5 |     GAC   5   6   6   3   4   5 |     GGC   6   6   7   4   3   2
    GTA   2   3   6   2   3   3 |     GCA   2   1   4   3   3   3 | Glu GAA  10   8   8  12  12  11 |     GGA   8   9   7  11  12  12
    GTG  10   9   8  12  10   9 |     GCG   0   3   0   0   4   4 |     GAG   7   7   8   5   3   3 |     GGG   6   6   8   5   2   3
--------------------------------------------------------------------------------------------------------------------------------------

----------------------------------------------------------------------------------------------------------------------
Phe TTT   9   8   8   8  11 | Ser TCT   1   3   3   3   3 | Tyr TAT   2   2   2   2   3 | Cys TGT   5   4   3   3   5
    TTC   4   6   6   6   3 |     TCC   3   3   3   3   3 |     TAC   2   0   0   0   1 |     TGC   4   5   6   6   4
Leu TTA   1   2   2   2   1 |     TCA   3   3   3   3   2 | *** TAA   0   0   0   0   0 | *** TGA   0   0   0   0   0
    TTG   3   2   2   2   3 |     TCG   0   0   0   0   0 |     TAG   0   0   0   0   0 | Trp TGG   1   1   1   1   1
----------------------------------------------------------------------------------------------------------------------
Leu CTT   1   4   4   4   4 | Pro CCT   5   4   4   4   4 | His CAT   3   1   2   2   4 | Arg CGT   0   1   0   0   0
    CTC   3   4   4   4   4 |     CCC   1   2   2   2   0 |     CAC   3   2   2   2   3 |     CGC   0   2   2   2   2
    CTA   2   2   2   2   3 |     CCA   6   6   6   6   7 | Gln CAA   3   3   3   3   1 |     CGA   0   1   1   1   0
    CTG   7   6   6   6   4 |     CCG   0   2   2   2   0 |     CAG   1   5   5   5   2 |     CGG   0   0   0   0   0
----------------------------------------------------------------------------------------------------------------------
Ile ATT   8   6   6   6   7 | Thr ACT  10  10  10  10  10 | Asn AAT   3   2   2   2   1 | Ser AGT   3   3   3   3   0
    ATC   5   6   6   6   3 |     ACC   2   3   3   3   5 |     AAC   5   4   4   4   2 |     AGC   7   5   5   5   5
    ATA   5   3   3   3   2 |     ACA   5   4   4   4   5 | Lys AAA  13  16  16  16  15 | Arg AGA   5   5   5   5   4
Met ATG   6   5   5   5   5 |     ACG   2   2   2   2   3 |     AAG  11   8   8   8   9 |     AGG   2   2   2   2   3
----------------------------------------------------------------------------------------------------------------------
Val GTT   5   6   6   6   9 | Ala GCT   6   7   7   7   6 | Asp GAT   9   8   8   8   8 | Gly GGT   2   4   4   4   6
    GTC   7   4   4   4   4 |     GCC   4   7   7   7   4 |     GAC   5   6   6   6   8 |     GGC   3   3   3   3   3
    GTA   2   3   3   3   3 |     GCA   4   2   2   2   5 | Glu GAA  10   5   5   5   7 |     GGA   9   9   9   9  11
    GTG  11   5   5   5   8 |     GCG   1   3   3   3   1 |     GAG   3   5   4   4   5 |     GGG   4   5   6   6   5
----------------------------------------------------------------------------------------------------------------------

Codon position x base (3x4) table for each sequence.

#1: Tupaia_chinensis
position  1:    T:0.14400    C:0.16400    A:0.32000    G:0.37200
position  2:    T:0.30800    C:0.24800    A:0.26400    G:0.18000
position  3:    T:0.25600    C:0.29600    A:0.24000    G:0.20800
Average         T:0.23600    C:0.23600    A:0.27467    G:0.25333

#2: Sapajus_apella 
position  1:    T:0.14800    C:0.15200    A:0.33200    G:0.36800
position  2:    T:0.30800    C:0.24000    A:0.27600    G:0.17600
position  3:    T:0.30800    C:0.22400    A:0.27200    G:0.19600
Average         T:0.25467    C:0.20533    A:0.29333    G:0.24667

#3: Saimiri_sciureus
position  1:    T:0.14800    C:0.15200    A:0.33600    G:0.36400
position  2:    T:0.30800    C:0.24000    A:0.27600    G:0.17600
position  3:    T:0.31600    C:0.22000    A:0.27200    G:0.19200
Average         T:0.25733    C:0.20400    A:0.29467    G:0.24400

#4: Saguinus_oedipus
position  1:    T:0.14800    C:0.15200    A:0.33600    G:0.36400
position  2:    T:0.30800    C:0.24400    A:0.26800    G:0.18000
position  3:    T:0.31200    C:0.21200    A:0.27600    G:0.20000
Average         T:0.25600    C:0.20267    A:0.29333    G:0.24800

#5: Callithrix_jacchus
position  1:    T:0.14400    C:0.15200    A:0.34000    G:0.36400
position  2:    T:0.30800    C:0.24400    A:0.27200    G:0.17600
position  3:    T:0.31600    C:0.20800    A:0.27200    G:0.20400
Average         T:0.25600    C:0.20133    A:0.29467    G:0.24800

#6: Papio_anubis   
position  1:    T:0.14800    C:0.15600    A:0.32800    G:0.36800
position  2:    T:0.30800    C:0.24400    A:0.27200    G:0.17600
position  3:    T:0.30000    C:0.22000    A:0.28400    G:0.19600
Average         T:0.25200    C:0.20667    A:0.29467    G:0.24667

#7: Chlorocebus_aethiops
position  1:    T:0.15200    C:0.15200    A:0.32800    G:0.36800
position  2:    T:0.30800    C:0.24400    A:0.27200    G:0.17600
position  3:    T:0.30400    C:0.21600    A:0.28000    G:0.20000
Average         T:0.25467    C:0.20400    A:0.29333    G:0.24800

#8: Pan_troglodytes
position  1:    T:0.14000    C:0.16000    A:0.33200    G:0.36800
position  2:    T:0.31200    C:0.24000    A:0.26800    G:0.18000
position  3:    T:0.30000    C:0.22400    A:0.27600    G:0.20000
Average         T:0.25067    C:0.20800    A:0.29200    G:0.24933

#9: Homo_sapiens   
position  1:    T:0.14400    C:0.15600    A:0.33200    G:0.36800
position  2:    T:0.31200    C:0.24000    A:0.26800    G:0.18000
position  3:    T:0.30000    C:0.23200    A:0.27200    G:0.19600
Average         T:0.25200    C:0.20933    A:0.29067    G:0.24800

#10: Gorilla_gorilla
position  1:    T:0.14400    C:0.15600    A:0.33200    G:0.36800
position  2:    T:0.31200    C:0.24000    A:0.26800    G:0.18000
position  3:    T:0.30000    C:0.22400    A:0.27600    G:0.20000
Average         T:0.25200    C:0.20667    A:0.29200    G:0.24933

#11: Galago_moholi  
position  1:    T:0.15200    C:0.15600    A:0.31600    G:0.37600
position  2:    T:0.30800    C:0.24000    A:0.26800    G:0.18400
position  3:    T:0.29600    C:0.25200    A:0.23200    G:0.22000
Average         T:0.25200    C:0.21600    A:0.27200    G:0.26000

#12: Daubentonia_madagascariensis
position  1:    T:0.16000    C:0.14800    A:0.31200    G:0.38000
position  2:    T:0.30800    C:0.24400    A:0.27200    G:0.17600
position  3:    T:0.28800    C:0.24000    A:0.28400    G:0.18800
Average         T:0.25200    C:0.21067    A:0.28933    G:0.24800

#13: Eulemur_albifrons
position  1:    T:0.15200    C:0.15200    A:0.31200    G:0.38400
position  2:    T:0.31200    C:0.24000    A:0.27200    G:0.17600
position  3:    T:0.23200    C:0.30800    A:0.24800    G:0.21200
Average         T:0.23200    C:0.23333    A:0.27733    G:0.25733

#14: Microcebus_murinus
position  1:    T:0.14400    C:0.16000    A:0.31200    G:0.38400
position  2:    T:0.30800    C:0.24800    A:0.26000    G:0.18400
position  3:    T:0.16400    C:0.35200    A:0.17600    G:0.30800
Average         T:0.20533    C:0.25333    A:0.24933    G:0.29200

#15: Marmota_marmota
position  1:    T:0.14400    C:0.14800    A:0.32000    G:0.38800
position  2:    T:0.30800    C:0.23600    A:0.26800    G:0.18800
position  3:    T:0.30800    C:0.24400    A:0.26000    G:0.18800
Average         T:0.25333    C:0.20933    A:0.28267    G:0.25467

#16: Miniopterus_natalensis
position  1:    T:0.16000    C:0.14000    A:0.32000    G:0.38000
position  2:    T:0.32400    C:0.22800    A:0.28000    G:0.16800
position  3:    T:0.32400    C:0.22000    A:0.26400    G:0.19200
Average         T:0.26933    C:0.19600    A:0.28800    G:0.24667

#17: Myotis_lucifugus
position  1:    T:0.15200    C:0.14800    A:0.33600    G:0.36400
position  2:    T:0.31200    C:0.23200    A:0.28000    G:0.17600
position  3:    T:0.29200    C:0.24400    A:0.27600    G:0.18800
Average         T:0.25200    C:0.20800    A:0.29733    G:0.24267

#18: Myotis_brandtii
position  1:    T:0.15200    C:0.14800    A:0.34000    G:0.36000
position  2:    T:0.31600    C:0.22800    A:0.28000    G:0.17600
position  3:    T:0.28400    C:0.24400    A:0.27600    G:0.19600
Average         T:0.25067    C:0.20667    A:0.29867    G:0.24400

#19: Myotis_davidii 
position  1:    T:0.15600    C:0.14800    A:0.33200    G:0.36400
position  2:    T:0.31600    C:0.22800    A:0.28000    G:0.17600
position  3:    T:0.29600    C:0.24000    A:0.28000    G:0.18400
Average         T:0.25600    C:0.20533    A:0.29733    G:0.24133

#20: Eptesicus_fuscus
position  1:    T:0.16800    C:0.15200    A:0.30400    G:0.37600
position  2:    T:0.32400    C:0.22400    A:0.27200    G:0.18000
position  3:    T:0.30800    C:0.24400    A:0.26400    G:0.18400
Average         T:0.26667    C:0.20667    A:0.28000    G:0.24667

#21: Desmodus_rotundus
position  1:    T:0.15200    C:0.14800    A:0.30800    G:0.39200
position  2:    T:0.30800    C:0.22000    A:0.28400    G:0.18800
position  3:    T:0.31600    C:0.21600    A:0.25200    G:0.21600
Average         T:0.25867    C:0.19467    A:0.28133    G:0.26533

#22: Rousettus_aegyptiacus
position  1:    T:0.17600    C:0.14000    A:0.32800    G:0.35600
position  2:    T:0.31600    C:0.22000    A:0.28000    G:0.18400
position  3:    T:0.31200    C:0.22000    A:0.27600    G:0.19200
Average         T:0.26800    C:0.19333    A:0.29467    G:0.24400

#23: Pteropus_vampyrus
position  1:    T:0.16800    C:0.15200    A:0.30400    G:0.37600
position  2:    T:0.31600    C:0.24400    A:0.26800    G:0.17200
position  3:    T:0.29600    C:0.22000    A:0.27600    G:0.20800
Average         T:0.26000    C:0.20533    A:0.28267    G:0.25200

#24: Elephantulus_edwardii
position  1:    T:0.14800    C:0.14800    A:0.32400    G:0.38000
position  2:    T:0.30400    C:0.23600    A:0.28000    G:0.18000
position  3:    T:0.32400    C:0.22400    A:0.25600    G:0.19600
Average         T:0.25867    C:0.20267    A:0.28667    G:0.25200

#25: Rattus_norvegicus
position  1:    T:0.16000    C:0.15600    A:0.30800    G:0.37600
position  2:    T:0.30400    C:0.24000    A:0.26800    G:0.18800
position  3:    T:0.24400    C:0.29600    A:0.19600    G:0.26400
Average         T:0.23600    C:0.23067    A:0.25733    G:0.27600

#26: Mus_musculus   
position  1:    T:0.16000    C:0.15600    A:0.30400    G:0.38000
position  2:    T:0.30400    C:0.24400    A:0.26400    G:0.18800
position  3:    T:0.24800    C:0.28400    A:0.20000    G:0.26800
Average         T:0.23733    C:0.22800    A:0.25600    G:0.27867

#27: Cricetulus_griseus
position  1:    T:0.14800    C:0.16800    A:0.28800    G:0.39600
position  2:    T:0.30800    C:0.24000    A:0.26000    G:0.19200
position  3:    T:0.23200    C:0.28000    A:0.24000    G:0.24800
Average         T:0.22933    C:0.22933    A:0.26267    G:0.27867

#28: Delphinapterus_leucas
position  1:    T:0.15200    C:0.14400    A:0.30800    G:0.39600
position  2:    T:0.30000    C:0.24000    A:0.26800    G:0.19200
position  3:    T:0.32800    C:0.21200    A:0.25600    G:0.20400
Average         T:0.26000    C:0.19867    A:0.27733    G:0.26400

#29: Ovis_aries     
position  1:    T:0.16400    C:0.13600    A:0.32800    G:0.37200
position  2:    T:0.30400    C:0.22400    A:0.29200    G:0.18000
position  3:    T:0.28000    C:0.22800    A:0.29600    G:0.19600
Average         T:0.24933    C:0.19600    A:0.30533    G:0.24933

#30: Capra_hircus   
position  1:    T:0.16800    C:0.13200    A:0.33600    G:0.36400
position  2:    T:0.31200    C:0.22400    A:0.28800    G:0.17600
position  3:    T:0.28800    C:0.22400    A:0.28800    G:0.20000
Average         T:0.25600    C:0.19333    A:0.30400    G:0.24667

#31: Bos_taurus     
position  1:    T:0.15200    C:0.14000    A:0.36800    G:0.34000
position  2:    T:0.31600    C:0.21200    A:0.29200    G:0.18000
position  3:    T:0.28800    C:0.23200    A:0.27200    G:0.20800
Average         T:0.25200    C:0.19467    A:0.31067    G:0.24267

#32: Loxodonta_africana
position  1:    T:0.15600    C:0.18000    A:0.33600    G:0.32800
position  2:    T:0.28800    C:0.24400    A:0.26800    G:0.20000
position  3:    T:0.29200    C:0.24800    A:0.25600    G:0.20400
Average         T:0.24533    C:0.22400    A:0.28667    G:0.24400

#33: Mammuthus_primigenius
position  1:    T:0.15600    C:0.18000    A:0.33600    G:0.32800
position  2:    T:0.28800    C:0.24400    A:0.26800    G:0.20000
position  3:    T:0.28800    C:0.25200    A:0.25600    G:0.20400
Average         T:0.24400    C:0.22533    A:0.28667    G:0.24400

#34: Elephas_maximus
position  1:    T:0.15600    C:0.18000    A:0.33600    G:0.32800
position  2:    T:0.28800    C:0.24400    A:0.26800    G:0.20000
position  3:    T:0.28800    C:0.25200    A:0.25600    G:0.20400
Average         T:0.24400    C:0.22533    A:0.28667    G:0.24400

#35: Equus_caballus 
position  1:    T:0.16000    C:0.15200    A:0.31600    G:0.37200
position  2:    T:0.29600    C:0.23200    A:0.27600    G:0.19600
position  3:    T:0.32400    C:0.21600    A:0.26400    G:0.19600
Average         T:0.26000    C:0.20000    A:0.28533    G:0.25467

Sums of codon usage counts
------------------------------------------------------------------------------
Phe F TTT     316 | Ser S TCT      63 | Tyr Y TAT      75 | Cys C TGT     113
      TTC     151 |       TCC     121 |       TAC      46 |       TGC     181
Leu L TTA      56 |       TCA      92 | *** * TAA       0 | *** * TGA       0
      TTG      86 |       TCG       6 |       TAG       0 | Trp W TGG      38
------------------------------------------------------------------------------
Leu L CTT      70 | Pro P CCT     136 | His H CAT      82 | Arg R CGT      41
      CTC     148 |       CCC      55 |       CAC      68 |       CGC      71
      CTA      57 |       CCA     226 | Gln Q CAA      70 |       CGA       5
      CTG     208 |       CCG      26 |       CAG      73 |       CGG       5
------------------------------------------------------------------------------
Ile I ATT     311 | Thr T ACT     276 | Asn N AAT      89 | Ser S AGT      64
      ATC     154 |       ACC     170 |       AAC     139 |       AGC     118
      ATA      92 |       ACA     201 | Lys K AAA     461 | Arg R AGA     116
Met M ATG     170 |       ACG      78 |       AAG     352 |       AGG      46
------------------------------------------------------------------------------
Val V GTT     240 | Ala A GCT     258 | Asp D GAT     284 | Gly G GGT     120
      GTC     189 |       GCC     178 |       GAC     185 |       GGC     143
      GTA     107 |       GCA     146 | Glu E GAA     274 |       GGA     377
      GTG     340 |       GCG      38 |       GAG     192 |       GGG     157
------------------------------------------------------------------------------


Codon position x base (3x4) table, overall

position  1:    T:0.15360    C:0.15326    A:0.32423    G:0.36891
position  2:    T:0.30800    C:0.23657    A:0.27314    G:0.18229
position  3:    T:0.29006    C:0.24194    A:0.26057    G:0.20743
Average         T:0.25055    C:0.21059    A:0.28598    G:0.25288


Nei & Gojobori 1986. dN/dS (dN, dS)
(Note: This matrix is not used in later ML. analysis.
Use runmode = -2 for ML pairwise comparison.)

Tupaia_chinensis    
Sapajus_apella       0.0899 (0.0325 0.3618)
Saimiri_sciureus     0.0998 (0.0344 0.3445) 0.0309 (0.0018 0.0570)
Saguinus_oedipus     0.0932 (0.0344 0.3693) 0.0845 (0.0053 0.0628) 0.0563 (0.0035 0.0628)
Callithrix_jacchus   0.1002 (0.0344 0.3433) 0.0845 (0.0053 0.0628) 0.0693 (0.0035 0.0510) 0.0624 (0.0035 0.0567)
Papio_anubis         0.0930 (0.0344 0.3700) 0.0754 (0.0124 0.1649) 0.0646 (0.0106 0.1649) 0.0676 (0.0107 0.1576) 0.0739 (0.0107 0.1443)
Chlorocebus_aethiops 0.1026 (0.0362 0.3533) 0.0937 (0.0142 0.1517) 0.0819 (0.0124 0.1517) 0.0861 (0.0124 0.1445) 0.0947 (0.0124 0.1314) 0.1596 (0.0018 0.0111)
Pan_troglodytes      0.1253 (0.0400 0.3189) 0.1231 (0.0178 0.1448) 0.1107 (0.0160 0.1448) 0.1164 (0.0160 0.1377) 0.1286 (0.0160 0.1247) 0.1095 (0.0089 0.0809) 0.1544 (0.0106 0.0689)
Homo_sapiens         0.1135 (0.0381 0.3356) 0.0971 (0.0160 0.1650) 0.0862 (0.0142 0.1650) 0.0903 (0.0142 0.1577) 0.0986 (0.0142 0.1444) 0.0712 (0.0071 0.0994) 0.1016 (0.0089 0.0872) 0.1061 (0.0018 0.0166)
Gorilla_gorilla      0.1195 (0.0381 0.3189) 0.1107 (0.0160 0.1448) 0.0982 (0.0142 0.1448) 0.1034 (0.0142 0.1377) 0.1141 (0.0142 0.1247) 0.0875 (0.0071 0.0809) 0.1285 (0.0089 0.0689)-1.0000 (0.0018 0.0000)-1.0000 (0.0000 0.0166)
Galago_moholi        0.0552 (0.0243 0.4399) 0.0620 (0.0278 0.4482) 0.0676 (0.0296 0.4383) 0.0665 (0.0297 0.4465) 0.0727 (0.0297 0.4079) 0.0779 (0.0297 0.3808) 0.0824 (0.0315 0.3817) 0.0945 (0.0352 0.3720) 0.0854 (0.0333 0.3903) 0.0896 (0.0333 0.3720)
Daubentonia_madagascariensis 0.1013 (0.0419 0.4135) 0.1166 (0.0352 0.3019) 0.1105 (0.0371 0.3353) 0.1201 (0.0371 0.3090) 0.1267 (0.0371 0.2928) 0.1376 (0.0371 0.2694) 0.1441 (0.0389 0.2700) 0.1579 (0.0389 0.2466) 0.1518 (0.0380 0.2504) 0.1504 (0.0371 0.2466) 0.1444 (0.0389 0.2697)
Eulemur_albifrons    0.0478 (0.0216 0.4515) 0.0518 (0.0233 0.4500) 0.0523 (0.0251 0.4805) 0.0537 (0.0251 0.4683) 0.0586 (0.0251 0.4289) 0.0468 (0.0215 0.4591) 0.0506 (0.0233 0.4603) 0.0627 (0.0269 0.4299) 0.0559 (0.0251 0.4496) 0.0584 (0.0251 0.4299) 0.0570 (0.0206 0.3607) 0.0960 (0.0285 0.2970)
Microcebus_murinus   0.0404 (0.0289 0.7169) 0.0508 (0.0380 0.7480) 0.0474 (0.0399 0.8422) 0.0506 (0.0399 0.7897) 0.0547 (0.0399 0.7302) 0.0495 (0.0362 0.7317) 0.0518 (0.0380 0.7340) 0.0540 (0.0380 0.7042) 0.0514 (0.0362 0.7042) 0.0514 (0.0362 0.7042) 0.0680 (0.0325 0.4779) 0.0828 (0.0437 0.5277) 0.0631 (0.0234 0.3701)
Marmota_marmota      0.1017 (0.0447 0.4392) 0.1266 (0.0482 0.3809) 0.1255 (0.0501 0.3993) 0.1260 (0.0501 0.3978) 0.1430 (0.0511 0.3573) 0.1177 (0.0426 0.3622) 0.1224 (0.0445 0.3631) 0.1322 (0.0445 0.3364) 0.1205 (0.0426 0.3537) 0.1267 (0.0426 0.3364) 0.0980 (0.0473 0.4826) 0.1500 (0.0502 0.3345) 0.0797 (0.0399 0.5001) 0.0626 (0.0427 0.6823)
Miniopterus_natalensis 0.1300 (0.0569 0.4374) 0.1579 (0.0528 0.3346) 0.1610 (0.0550 0.3418) 0.1717 (0.0570 0.3320) 0.1808 (0.0570 0.3152) 0.1778 (0.0532 0.2991) 0.1836 (0.0550 0.2998) 0.2096 (0.0582 0.2777) 0.1916 (0.0563 0.2939) 0.2028 (0.0563 0.2777) 0.1349 (0.0571 0.4232) 0.1463 (0.0488 0.3338) 0.0961 (0.0454 0.4723) 0.0823 (0.0577 0.7019) 0.1543 (0.0633 0.4105)
Myotis_lucifugus     0.1363 (0.0549 0.4026) 0.1380 (0.0490 0.3547) 0.1452 (0.0490 0.3371) 0.1440 (0.0509 0.3534) 0.1476 (0.0509 0.3447) 0.1601 (0.0471 0.2944) 0.1659 (0.0490 0.2951) 0.2088 (0.0521 0.2495) 0.1894 (0.0502 0.2652) 0.2013 (0.0502 0.2495) 0.1195 (0.0504 0.4217) 0.1537 (0.0528 0.3436) 0.0920 (0.0463 0.5027) 0.0846 (0.0576 0.6811) 0.1327 (0.0575 0.4332) 0.2164 (0.0378 0.1745)
Myotis_brandtii      0.1300 (0.0548 0.4221) 0.1312 (0.0490 0.3732) 0.1378 (0.0490 0.3552) 0.1368 (0.0509 0.3718) 0.1402 (0.0509 0.3629) 0.1513 (0.0471 0.3113) 0.1568 (0.0489 0.3121) 0.1962 (0.0521 0.2655) 0.1784 (0.0502 0.2814) 0.1892 (0.0502 0.2655) 0.1193 (0.0504 0.4223) 0.1535 (0.0528 0.3440) 0.0939 (0.0462 0.4927) 0.0879 (0.0576 0.6553) 0.1266 (0.0575 0.4538) 0.2077 (0.0378 0.1818) 0.4139 (0.0070 0.0170)
Myotis_davidii       0.1066 (0.0492 0.4614) 0.1107 (0.0434 0.3915) 0.1134 (0.0434 0.3823) 0.1218 (0.0453 0.3717) 0.1188 (0.0453 0.3809) 0.1299 (0.0415 0.3197) 0.1353 (0.0434 0.3204) 0.1652 (0.0465 0.2813) 0.1499 (0.0446 0.2977) 0.1586 (0.0446 0.2813) 0.0948 (0.0448 0.4724) 0.1242 (0.0472 0.3796) 0.0742 (0.0407 0.5477) 0.0717 (0.0519 0.7240) 0.1092 (0.0518 0.4742) 0.1708 (0.0322 0.1888) 0.1309 (0.0053 0.0403) 0.1139 (0.0053 0.0462)
Eptesicus_fuscus     0.1443 (0.0579 0.4015) 0.1214 (0.0520 0.4280) 0.1279 (0.0529 0.4136) 0.1324 (0.0539 0.4073) 0.1354 (0.0539 0.3981) 0.1578 (0.0511 0.3234) 0.1550 (0.0529 0.3413) 0.1912 (0.0561 0.2934) 0.1749 (0.0542 0.3098) 0.1847 (0.0542 0.2934) 0.1180 (0.0525 0.4447) 0.1420 (0.0508 0.3577) 0.0832 (0.0399 0.4794) 0.0923 (0.0588 0.6368) 0.1474 (0.0615 0.4173) 0.1522 (0.0305 0.2006) 0.3624 (0.0341 0.0942) 0.3393 (0.0341 0.1006) 0.2527 (0.0286 0.1133)
Desmodus_rotundus    0.1813 (0.0757 0.4176) 0.2051 (0.0728 0.3548) 0.2106 (0.0747 0.3548) 0.2225 (0.0767 0.3448) 0.2281 (0.0767 0.3363) 0.2336 (0.0767 0.3283) 0.2388 (0.0786 0.3291) 0.2546 (0.0780 0.3063) 0.2482 (0.0760 0.3063) 0.2482 (0.0760 0.3063) 0.1710 (0.0757 0.4428) 0.1502 (0.0588 0.3912) 0.1315 (0.0636 0.4833) 0.1284 (0.0818 0.6370) 0.1946 (0.0819 0.4210) 0.3168 (0.0567 0.1789) 0.3328 (0.0687 0.2063) 0.3210 (0.0686 0.2139) 0.3017 (0.0667 0.2212) 0.2832 (0.0625 0.2207)
Rousettus_aegyptiacus 0.2842 (0.1371 0.4826) 0.2754 (0.1264 0.4589) 0.2666 (0.1246 0.4675) 0.2785 (0.1268 0.4554) 0.2848 (0.1268 0.4454) 0.2944 (0.1226 0.4165) 0.2984 (0.1246 0.4176) 0.3167 (0.1240 0.3915) 0.3190 (0.1219 0.3822) 0.3114 (0.1219 0.3915) 0.2882 (0.1386 0.4810) 0.3298 (0.1283 0.3892) 0.2326 (0.1263 0.5430) 0.1858 (0.1390 0.7481) 0.2944 (0.1373 0.4662) 0.5186 (0.1214 0.2341) 0.4505 (0.1222 0.2712) 0.4327 (0.1270 0.2934) 0.3990 (0.1232 0.3087) 0.4226 (0.1268 0.3001) 0.5261 (0.1384 0.2630)
Pteropus_vampyrus    0.2379 (0.1062 0.4462) 0.2337 (0.1016 0.4348) 0.2240 (0.0996 0.4447) 0.2302 (0.0997 0.4332) 0.2354 (0.0997 0.4236) 0.2410 (0.0977 0.4052) 0.2452 (0.0996 0.4062) 0.2662 (0.0990 0.3717) 0.2486 (0.0970 0.3900) 0.2609 (0.0970 0.3717) 0.2099 (0.0996 0.4747) 0.2338 (0.0878 0.3756) 0.1777 (0.0965 0.5429) 0.1359 (0.1009 0.7428) 0.2216 (0.1054 0.4756) 0.4388 (0.1002 0.2283) 0.3819 (0.0926 0.2426) 0.3739 (0.0966 0.2584) 0.3451 (0.0946 0.2741) 0.3665 (0.0967 0.2638) 0.3964 (0.1095 0.2763) 0.6508 (0.0981 0.1508)
Elephantulus_edwardii 0.0850 (0.0450 0.5292) 0.0803 (0.0426 0.5306) 0.0804 (0.0445 0.5531) 0.0808 (0.0445 0.5508) 0.0860 (0.0445 0.5176) 0.0895 (0.0408 0.4557) 0.0932 (0.0426 0.4569) 0.1112 (0.0464 0.4170) 0.1020 (0.0445 0.4364) 0.1067 (0.0445 0.4170) 0.0778 (0.0417 0.5356) 0.1099 (0.0493 0.4484) 0.0541 (0.0316 0.5830) 0.0612 (0.0456 0.7439) 0.1226 (0.0558 0.4554) 0.1531 (0.0672 0.4388) 0.1190 (0.0575 0.4833) 0.1163 (0.0575 0.4946) 0.1048 (0.0518 0.4944) 0.1456 (0.0635 0.4358) 0.1504 (0.0748 0.4973) 0.2919 (0.1430 0.4898) 0.2400 (0.1160 0.4834)
Rattus_norvegicus    0.0962 (0.0685 0.7121) 0.0909 (0.0663 0.7287) 0.0956 (0.0643 0.6728) 0.0943 (0.0644 0.6832) 0.0961 (0.0644 0.6700) 0.0796 (0.0567 0.7126) 0.0820 (0.0586 0.7149) 0.0822 (0.0558 0.6788) 0.0763 (0.0539 0.7064) 0.0794 (0.0539 0.6788) 0.1073 (0.0721 0.6720) 0.1107 (0.0732 0.6606) 0.1156 (0.0667 0.5770) 0.0843 (0.0591 0.7013) 0.0946 (0.0653 0.6911) 0.1633 (0.0880 0.5386) 0.1565 (0.0921 0.5884) 0.1499 (0.0920 0.6140) 0.1406 (0.0881 0.6264) 0.1378 (0.0865 0.6277) 0.1594 (0.0961 0.6031) 0.2228 (0.1482 0.6652) 0.1992 (0.1287 0.6460) 0.0938 (0.0721 0.7690)
Mus_musculus         0.0885 (0.0581 0.6561) 0.0776 (0.0597 0.7699) 0.0839 (0.0597 0.7115) 0.0828 (0.0598 0.7223) 0.0844 (0.0598 0.7085) 0.0734 (0.0521 0.7099) 0.0758 (0.0540 0.7121) 0.0813 (0.0550 0.6764) 0.0769 (0.0531 0.6899) 0.0785 (0.0531 0.6764) 0.0928 (0.0597 0.6437) 0.1026 (0.0617 0.6020) 0.0945 (0.0544 0.5757) 0.0712 (0.0488 0.6852) 0.1008 (0.0598 0.5930) 0.1437 (0.0800 0.5565) 0.1307 (0.0789 0.6032) 0.1279 (0.0788 0.6164) 0.1192 (0.0749 0.6288) 0.1304 (0.0713 0.5468) 0.1435 (0.0878 0.6117) 0.2414 (0.1451 0.6011) 0.1887 (0.1183 0.6270) 0.0889 (0.0617 0.6939) 0.0893 (0.0261 0.2918)
Cricetulus_griseus   0.1018 (0.0601 0.5904) 0.0967 (0.0611 0.6314) 0.1081 (0.0630 0.5828) 0.1003 (0.0631 0.6287) 0.1044 (0.0631 0.6043) 0.0931 (0.0560 0.6014) 0.0960 (0.0579 0.6031) 0.0949 (0.0589 0.6204) 0.0918 (0.0570 0.6204) 0.0918 (0.0570 0.6204) 0.0837 (0.0608 0.7265) 0.1177 (0.0676 0.5744) 0.1025 (0.0542 0.5289) 0.0777 (0.0495 0.6372) 0.0976 (0.0599 0.6131) 0.1384 (0.0808 0.5837) 0.1465 (0.0845 0.5771) 0.1376 (0.0845 0.6142) 0.1261 (0.0806 0.6392) 0.1359 (0.0780 0.5736) 0.1420 (0.0889 0.6259) 0.2115 (0.1503 0.7105) 0.1786 (0.1216 0.6808) 0.0929 (0.0686 0.7377) 0.0865 (0.0372 0.4299) 0.0674 (0.0253 0.3749)
Delphinapterus_leucas 0.3171 (0.1134 0.3575) 0.2900 (0.1017 0.3506) 0.2815 (0.1037 0.3684) 0.2761 (0.1038 0.3760) 0.2897 (0.1038 0.3582) 0.3467 (0.1037 0.2993) 0.3339 (0.1057 0.3165) 0.4105 (0.1098 0.2675) 0.3804 (0.1078 0.2833) 0.4029 (0.1078 0.2675) 0.2811 (0.1081 0.3846) 0.3499 (0.1100 0.3143) 0.2271 (0.0989 0.4354) 0.1658 (0.1091 0.6580) 0.2871 (0.1160 0.4041) 0.5038 (0.1334 0.2649) 0.4388 (0.1259 0.2868) 0.4076 (0.1238 0.3036) 0.3637 (0.1196 0.3289) 0.4951 (0.1284 0.2594) 0.5163 (0.1569 0.3040) 0.6120 (0.2005 0.3276) 0.5126 (0.1668 0.3255) 0.3027 (0.1092 0.3609) 0.2531 (0.1464 0.5784) 0.2233 (0.1383 0.6194) 0.2341 (0.1421 0.6069)
Ovis_aries           0.2929 (0.1462 0.4991) 0.2658 (0.1339 0.5037) 0.2642 (0.1360 0.5146) 0.2600 (0.1361 0.5235) 0.2886 (0.1371 0.4753) 0.3283 (0.1318 0.4015) 0.3173 (0.1338 0.4218) 0.3280 (0.1381 0.4211) 0.3145 (0.1371 0.4358) 0.3230 (0.1360 0.4211) 0.2919 (0.1416 0.4853) 0.2691 (0.1331 0.4945) 0.2156 (0.1299 0.6027) 0.1643 (0.1385 0.8430) 0.2410 (0.1403 0.5820) 0.3658 (0.1496 0.4089) 0.3445 (0.1557 0.4520) 0.3288 (0.1557 0.4734) 0.2952 (0.1492 0.5055) 0.3529 (0.1513 0.4287) 0.4237 (0.1832 0.4325) 0.5162 (0.2348 0.4549) 0.3844 (0.1976 0.5140) 0.2439 (0.1446 0.5929) 0.2347 (0.1816 0.7736) 0.2207 (0.1633 0.7400) 0.2404 (0.1647 0.6850) 0.6642 (0.1782 0.2682)
Capra_hircus         0.2920 (0.1473 0.5044) 0.2819 (0.1360 0.4823) 0.2801 (0.1381 0.4929) 0.2755 (0.1382 0.5016) 0.3063 (0.1393 0.4547) 0.3498 (0.1339 0.3829) 0.3377 (0.1359 0.4026) 0.3489 (0.1402 0.4019) 0.3343 (0.1392 0.4163) 0.3436 (0.1381 0.4019) 0.2962 (0.1438 0.4853) 0.2855 (0.1352 0.4735) 0.2330 (0.1320 0.5666) 0.1728 (0.1428 0.8263) 0.2528 (0.1456 0.5760) 0.3763 (0.1485 0.3947) 0.3656 (0.1579 0.4319) 0.3487 (0.1578 0.4527) 0.3128 (0.1514 0.4839) 0.3795 (0.1542 0.4062) 0.4237 (0.1832 0.4325) 0.5117 (0.2292 0.4480) 0.4057 (0.1968 0.4852) 0.2534 (0.1457 0.5748) 0.2404 (0.1805 0.7507) 0.2236 (0.1655 0.7400) 0.2501 (0.1647 0.6583) 0.6843 (0.1782 0.2603) 1.0957 (0.0249 0.0227)
Bos_taurus           0.2879 (0.1397 0.4854) 0.2888 (0.1283 0.4442) 0.2672 (0.1265 0.4737) 0.2619 (0.1277 0.4877) 0.2854 (0.1287 0.4511) 0.3120 (0.1225 0.3926) 0.3014 (0.1245 0.4129) 0.3509 (0.1297 0.3696) 0.3355 (0.1287 0.3835) 0.3453 (0.1276 0.3696) 0.2770 (0.1370 0.4946) 0.2961 (0.1306 0.4410) 0.2310 (0.1254 0.5429) 0.1825 (0.1413 0.7740) 0.2782 (0.1409 0.5065) 0.4081 (0.1442 0.3533) 0.3574 (0.1453 0.4065) 0.3402 (0.1452 0.4268) 0.3037 (0.1389 0.4575) 0.3959 (0.1437 0.3630) 0.4778 (0.1796 0.3759) 0.5454 (0.2212 0.4057) 0.4462 (0.1919 0.4301) 0.2696 (0.1403 0.5204) 0.2352 (0.1734 0.7373) 0.2265 (0.1597 0.7050) 0.2475 (0.1677 0.6776) 0.8861 (0.1665 0.1879) 0.7180 (0.0886 0.1234) 0.7869 (0.0867 0.1101)
Loxodonta_africana   0.4218 (0.2123 0.5033) 0.4485 (0.2237 0.4988) 0.4632 (0.2261 0.4882) 0.4758 (0.2263 0.4757) 0.4833 (0.2275 0.4707) 0.4571 (0.2219 0.4854) 0.4604 (0.2241 0.4867) 0.4766 (0.2266 0.4754) 0.4900 (0.2254 0.4599) 0.4766 (0.2266 0.4754) 0.3955 (0.2206 0.5578) 0.4566 (0.2184 0.4785) 0.3588 (0.2070 0.5769) 0.2915 (0.2123 0.7283) 0.4358 (0.2263 0.5192) 0.6019 (0.2404 0.3994) 0.5581 (0.2368 0.4243) 0.5581 (0.2436 0.4365) 0.5262 (0.2376 0.4515) 0.5693 (0.2412 0.4238) 0.5897 (0.2541 0.4308) 0.6760 (0.3132 0.4633) 0.5829 (0.2889 0.4956) 0.4659 (0.2264 0.4859) 0.3553 (0.2623 0.7382) 0.3932 (0.2501 0.6361) 0.4545 (0.2551 0.5613) 0.6989 (0.2946 0.4216) 0.4801 (0.2961 0.6168) 0.5062 (0.3027 0.5980) 0.5465 (0.2881 0.5272)
Mammuthus_primigenius 0.4260 (0.2099 0.4928) 0.4341 (0.2213 0.5098) 0.4483 (0.2237 0.4990) 0.4605 (0.2239 0.4864) 0.4678 (0.2251 0.4813) 0.4620 (0.2195 0.4751) 0.4654 (0.2217 0.4764) 0.4819 (0.2242 0.4652) 0.4956 (0.2230 0.4500) 0.4819 (0.2242 0.4652) 0.3994 (0.2183 0.5465) 0.4614 (0.2161 0.4683) 0.3621 (0.2047 0.5653) 0.2894 (0.2088 0.7214) 0.4403 (0.2239 0.5084) 0.6100 (0.2380 0.3901) 0.5653 (0.2344 0.4147) 0.5652 (0.2412 0.4267) 0.5326 (0.2352 0.4415) 0.5765 (0.2388 0.4142) 0.5973 (0.2516 0.4212) 0.6853 (0.3105 0.4531) 0.5993 (0.2875 0.4798) 0.4634 (0.2228 0.4808) 0.3589 (0.2598 0.7238) 0.3971 (0.2476 0.6237) 0.4592 (0.2526 0.5500) 0.7213 (0.2972 0.4121) 0.4856 (0.2935 0.6044) 0.5121 (0.3000 0.5859) 0.5633 (0.2907 0.5160) 0.6292 (0.0035 0.0056)
Elephas_maximus      0.4260 (0.2099 0.4928) 0.4341 (0.2213 0.5098) 0.4483 (0.2237 0.4990) 0.4605 (0.2239 0.4864) 0.4678 (0.2251 0.4813) 0.4620 (0.2195 0.4751) 0.4654 (0.2217 0.4764) 0.4819 (0.2242 0.4652) 0.4956 (0.2230 0.4500) 0.4819 (0.2242 0.4652) 0.3994 (0.2183 0.5465) 0.4614 (0.2161 0.4683) 0.3621 (0.2047 0.5653) 0.2894 (0.2088 0.7214) 0.4403 (0.2239 0.5084) 0.6100 (0.2380 0.3901) 0.5653 (0.2344 0.4147) 0.5652 (0.2412 0.4267) 0.5326 (0.2352 0.4415) 0.5765 (0.2388 0.4142) 0.5973 (0.2516 0.4212) 0.6853 (0.3105 0.4531) 0.5993 (0.2875 0.4798) 0.4634 (0.2228 0.4808) 0.3589 (0.2598 0.7238) 0.3971 (0.2476 0.6237) 0.4592 (0.2526 0.5500) 0.7213 (0.2972 0.4121) 0.4856 (0.2935 0.6044) 0.5121 (0.3000 0.5859) 0.5633 (0.2907 0.5160) 0.6292 (0.0035 0.0056)-1.0000 (0.0000 0.0000)
Equus_caballus       0.2709 (0.1174 0.4331) 0.2691 (0.1096 0.4073) 0.2807 (0.1117 0.3979) 0.2887 (0.1118 0.3871) 0.2956 (0.1118 0.3781) 0.3520 (0.1117 0.3174) 0.3574 (0.1137 0.3181) 0.3521 (0.1179 0.3347) 0.3289 (0.1158 0.3521) 0.3460 (0.1158 0.3347) 0.2738 (0.1127 0.4117) 0.3088 (0.1149 0.3723) 0.1957 (0.1044 0.5337) 0.1718 (0.1244 0.7242) 0.3236 (0.1346 0.4158) 0.4163 (0.1312 0.3151) 0.4561 (0.1278 0.2801) 0.4426 (0.1277 0.2886) 0.4051 (0.1236 0.3051) 0.4474 (0.1345 0.3007) 0.4811 (0.1463 0.3041) 0.6111 (0.2101 0.3438) 0.5355 (0.1829 0.3415) 0.2915 (0.1252 0.4295) 0.2646 (0.1609 0.6083) 0.2677 (0.1560 0.5826) 0.2610 (0.1490 0.5708) 0.5677 (0.1711 0.3014) 0.4320 (0.2043 0.4729) 0.4492 (0.2085 0.4642) 0.4548 (0.1933 0.4250) 0.6503 (0.2815 0.4329) 0.6591 (0.2789 0.4232) 0.6591 (0.2789 0.4232)


TREE #  1:  (((35, (28, (31, (30, 29)))), ((23, 22), (21, ((20, ((18, 17), 19)), 16)))), ((((25, 26), 27), 15), (((11, (12, (14, 13))), (((4, 5), (3, 2)), ((6, 7), (10, (8, 9))))), 1)), (32, (34, 33)), 24);   MP score: 1121
lnL(ntime: 66  np: 69):  -7070.585861      +0.000000
  36..37   37..38   38..35   38..39   39..28   39..40   40..31   40..41   41..30   41..29   37..42   42..43   43..23   43..22   42..44   44..21   44..45   45..46   46..20   46..47   47..48   48..18   48..17   47..19   45..16   36..49   49..50   50..51   51..52   52..25   52..26   51..27   50..15   49..53   53..54   54..55   55..11   55..56   56..12   56..57   57..14   57..13   54..58   58..59   59..60   60..4    60..5    59..61   61..3    61..2    58..62   62..63   63..6    63..7    62..64   64..10   64..65   65..8    65..9    53..1    36..66   66..32   66..67   67..34   67..33   36..24 
 0.015510 0.000004 0.340696 0.114457 0.201694 0.223764 0.114687 0.139325 0.029824 0.044072 0.060070 0.170815 0.133029 0.223072 0.040626 0.181286 0.015243 0.052488 0.075937 0.053543 0.008497 0.016769 0.012562 0.020938 0.097797 0.026501 0.055447 0.224622 0.059309 0.171315 0.105597 0.159152 0.186750 0.000004 0.005748 0.054833 0.171145 0.011692 0.118272 0.096527 0.255010 0.061389 0.087594 0.054576 0.000004 0.025505 0.024284 0.008827 0.020742 0.025199 0.017917 0.033977 0.008190 0.004191 0.033424 0.000004 0.000004 0.004109 0.012403 0.198455 0.694149 0.012463 0.000004 0.000004 0.000004 0.267886 0.158830 0.698523 0.819268

Note: Branch length is defined as number of nucleotide substitutions per codon (not per neucleotide site).

tree length =   5.68393

(((35: 0.340696, (28: 0.201694, (31: 0.114687, (30: 0.029824, 29: 0.044072): 0.139325): 0.223764): 0.114457): 0.000004, ((23: 0.133029, 22: 0.223072): 0.170815, (21: 0.181286, ((20: 0.075937, ((18: 0.016769, 17: 0.012562): 0.008497, 19: 0.020938): 0.053543): 0.052488, 16: 0.097797): 0.015243): 0.040626): 0.060070): 0.015510, ((((25: 0.171315, 26: 0.105597): 0.059309, 27: 0.159152): 0.224622, 15: 0.186750): 0.055447, (((11: 0.171145, (12: 0.118272, (14: 0.255010, 13: 0.061389): 0.096527): 0.011692): 0.054833, (((4: 0.025505, 5: 0.024284): 0.000004, (3: 0.020742, 2: 0.025199): 0.008827): 0.054576, ((6: 0.008190, 7: 0.004191): 0.033977, (10: 0.000004, (8: 0.004109, 9: 0.012403): 0.000004): 0.033424): 0.017917): 0.087594): 0.005748, 1: 0.198455): 0.000004): 0.026501, (32: 0.012463, (34: 0.000004, 33: 0.000004): 0.000004): 0.694149, 24: 0.267886);

(((Equus_caballus: 0.340696, (Delphinapterus_leucas: 0.201694, (Bos_taurus: 0.114687, (Capra_hircus: 0.029824, Ovis_aries: 0.044072): 0.139325): 0.223764): 0.114457): 0.000004, ((Pteropus_vampyrus: 0.133029, Rousettus_aegyptiacus: 0.223072): 0.170815, (Desmodus_rotundus: 0.181286, ((Eptesicus_fuscus: 0.075937, ((Myotis_brandtii: 0.016769, Myotis_lucifugus: 0.012562): 0.008497, Myotis_davidii: 0.020938): 0.053543): 0.052488, Miniopterus_natalensis: 0.097797): 0.015243): 0.040626): 0.060070): 0.015510, ((((Rattus_norvegicus: 0.171315, Mus_musculus: 0.105597): 0.059309, Cricetulus_griseus: 0.159152): 0.224622, Marmota_marmota: 0.186750): 0.055447, (((Galago_moholi: 0.171145, (Daubentonia_madagascariensis: 0.118272, (Microcebus_murinus: 0.255010, Eulemur_albifrons: 0.061389): 0.096527): 0.011692): 0.054833, (((Saguinus_oedipus: 0.025505, Callithrix_jacchus: 0.024284): 0.000004, (Saimiri_sciureus: 0.020742, Sapajus_apella: 0.025199): 0.008827): 0.054576, ((Papio_anubis: 0.008190, Chlorocebus_aethiops: 0.004191): 0.033977, (Gorilla_gorilla: 0.000004, (Pan_troglodytes: 0.004109, Homo_sapiens: 0.012403): 0.000004): 0.033424): 0.017917): 0.087594): 0.005748, Tupaia_chinensis: 0.198455): 0.000004): 0.026501, (Loxodonta_africana: 0.012463, (Elephas_maximus: 0.000004, Mammuthus_primigenius: 0.000004): 0.000004): 0.694149, Elephantulus_edwardii: 0.267886);

Detailed output identifying parameters

w (dN/dS) for branches:  0.15883 0.69852 0.81927

dN & dS for each branch

 branch          t       N       S   dN/dS      dN      dS  N*dN  S*dS

  36..37     0.016   556.3   193.7  0.1588  0.0022  0.0137   1.2   2.7
  37..38     0.000   556.3   193.7  0.1588  0.0000  0.0000   0.0   0.0
  38..35     0.341   556.3   193.7  0.6985  0.1022  0.1463  56.8  28.3
  38..39     0.114   556.3   193.7  0.1588  0.0161  0.1015   9.0  19.6
  39..28     0.202   556.3   193.7  0.6985  0.0605  0.0866  33.7  16.8
  39..40     0.224   556.3   193.7  0.6985  0.0671  0.0961  37.3  18.6
  40..31     0.115   556.3   193.7  0.8193  0.0362  0.0441  20.1   8.6
  40..41     0.139   556.3   193.7  0.8193  0.0439  0.0536  24.4  10.4
  41..30     0.030   556.3   193.7  0.8193  0.0094  0.0115   5.2   2.2
  41..29     0.044   556.3   193.7  0.8193  0.0139  0.0170   7.7   3.3
  37..42     0.060   556.3   193.7  0.1588  0.0085  0.0532   4.7  10.3
  42..43     0.171   556.3   193.7  0.1588  0.0240  0.1514  13.4  29.3
  43..23     0.133   556.3   193.7  0.1588  0.0187  0.1179  10.4  22.8
  43..22     0.223   556.3   193.7  0.1588  0.0314  0.1977  17.5  38.3
  42..44     0.041   556.3   193.7  0.1588  0.0057  0.0360   3.2   7.0
  44..21     0.181   556.3   193.7  0.1588  0.0255  0.1607  14.2  31.1
  44..45     0.015   556.3   193.7  0.1588  0.0021  0.0135   1.2   2.6
  45..46     0.052   556.3   193.7  0.1588  0.0074  0.0465   4.1   9.0
  46..20     0.076   556.3   193.7  0.1588  0.0107  0.0673   5.9  13.0
  46..47     0.054   556.3   193.7  0.1588  0.0075  0.0475   4.2   9.2
  47..48     0.008   556.3   193.7  0.1588  0.0012  0.0075   0.7   1.5
  48..18     0.017   556.3   193.7  0.1588  0.0024  0.0149   1.3   2.9
  48..17     0.013   556.3   193.7  0.1588  0.0018  0.0111   1.0   2.2
  47..19     0.021   556.3   193.7  0.1588  0.0029  0.0186   1.6   3.6
  45..16     0.098   556.3   193.7  0.1588  0.0138  0.0867   7.7  16.8
  36..49     0.027   556.3   193.7  0.1588  0.0037  0.0235   2.1   4.5
  49..50     0.055   556.3   193.7  0.1588  0.0078  0.0491   4.3   9.5
  50..51     0.225   556.3   193.7  0.1588  0.0316  0.1991  17.6  38.6
  51..52     0.059   556.3   193.7  0.1588  0.0083  0.0526   4.6  10.2
  52..25     0.171   556.3   193.7  0.1588  0.0241  0.1519  13.4  29.4
  52..26     0.106   556.3   193.7  0.1588  0.0149  0.0936   8.3  18.1
  51..27     0.159   556.3   193.7  0.1588  0.0224  0.1411  12.5  27.3
  50..15     0.187   556.3   193.7  0.1588  0.0263  0.1655  14.6  32.1
  49..53     0.000   556.3   193.7  0.1588  0.0000  0.0000   0.0   0.0
  53..54     0.006   556.3   193.7  0.1588  0.0008  0.0051   0.5   1.0
  54..55     0.055   556.3   193.7  0.1588  0.0077  0.0486   4.3   9.4
  55..11     0.171   556.3   193.7  0.1588  0.0241  0.1517  13.4  29.4
  55..56     0.012   556.3   193.7  0.1588  0.0016  0.0104   0.9   2.0
  56..12     0.118   556.3   193.7  0.1588  0.0167  0.1048   9.3  20.3
  56..57     0.097   556.3   193.7  0.1588  0.0136  0.0856   7.6  16.6
  57..14     0.255   556.3   193.7  0.1588  0.0359  0.2260  20.0  43.8
  57..13     0.061   556.3   193.7  0.1588  0.0086  0.0544   4.8  10.5
  54..58     0.088   556.3   193.7  0.1588  0.0123  0.0776   6.9  15.0
  58..59     0.055   556.3   193.7  0.1588  0.0077  0.0484   4.3   9.4
  59..60     0.000   556.3   193.7  0.1588  0.0000  0.0000   0.0   0.0
  60..4      0.026   556.3   193.7  0.1588  0.0036  0.0226   2.0   4.4
  60..5      0.024   556.3   193.7  0.1588  0.0034  0.0215   1.9   4.2
  59..61     0.009   556.3   193.7  0.1588  0.0012  0.0078   0.7   1.5
  61..3      0.021   556.3   193.7  0.1588  0.0029  0.0184   1.6   3.6
  61..2      0.025   556.3   193.7  0.1588  0.0035  0.0223   2.0   4.3
  58..62     0.018   556.3   193.7  0.1588  0.0025  0.0159   1.4   3.1
  62..63     0.034   556.3   193.7  0.1588  0.0048  0.0301   2.7   5.8
  63..6      0.008   556.3   193.7  0.1588  0.0012  0.0073   0.6   1.4
  63..7      0.004   556.3   193.7  0.1588  0.0006  0.0037   0.3   0.7
  62..64     0.033   556.3   193.7  0.1588  0.0047  0.0296   2.6   5.7
  64..10     0.000   556.3   193.7  0.1588  0.0000  0.0000   0.0   0.0
  64..65     0.000   556.3   193.7  0.1588  0.0000  0.0000   0.0   0.0
  65..8      0.004   556.3   193.7  0.1588  0.0006  0.0036   0.3   0.7
  65..9      0.012   556.3   193.7  0.1588  0.0017  0.0110   1.0   2.1
  53..1      0.198   556.3   193.7  0.1588  0.0279  0.1759  15.5  34.1
  36..66     0.694   556.3   193.7  0.6985  0.2082  0.2980 115.8  57.7
  66..32     0.012   556.3   193.7  0.8193  0.0039  0.0048   2.2   0.9
  66..67     0.000   556.3   193.7  0.8193  0.0000  0.0000   0.0   0.0
  67..34     0.000   556.3   193.7  0.8193  0.0000  0.0000   0.0   0.0
  67..33     0.000   556.3   193.7  0.8193  0.0000  0.0000   0.0   0.0
  36..24     0.268   556.3   193.7  0.1588  0.0377  0.2375  21.0  46.0

tree length for dN:       1.0920
tree length for dS:       4.2001

dS tree:
(((Equus_caballus: 0.146276, (Delphinapterus_leucas: 0.086597, (Bos_taurus: 0.044147, (Capra_hircus: 0.011480, Ovis_aries: 0.016965): 0.053632): 0.096072): 0.101455): 0.000004, ((Pteropus_vampyrus: 0.117918, Rousettus_aegyptiacus: 0.197732): 0.151411, (Desmodus_rotundus: 0.160692, ((Eptesicus_fuscus: 0.067311, ((Myotis_brandtii: 0.014864, Myotis_lucifugus: 0.011135): 0.007531, Myotis_davidii: 0.018560): 0.047461): 0.046525, Miniopterus_natalensis: 0.086687): 0.013511): 0.036011): 0.053246): 0.013748, ((((Rattus_norvegicus: 0.151854, Mus_musculus: 0.093601): 0.052572, Cricetulus_griseus: 0.141073): 0.199105, Marmota_marmota: 0.165535): 0.049148, (((Galago_moholi: 0.151704, (Daubentonia_madagascariensis: 0.104836, (Microcebus_murinus: 0.226041, Eulemur_albifrons: 0.054416): 0.085562): 0.010363): 0.048604, (((Saguinus_oedipus: 0.022608, Callithrix_jacchus: 0.021526): 0.000004, (Saimiri_sciureus: 0.018385, Sapajus_apella: 0.022337): 0.007824): 0.048376, ((Papio_anubis: 0.007259, Chlorocebus_aethiops: 0.003715): 0.030117, (Gorilla_gorilla: 0.000004, (Pan_troglodytes: 0.003642, Homo_sapiens: 0.010994): 0.000004): 0.029627): 0.015882): 0.077644): 0.005095, Tupaia_chinensis: 0.175911): 0.000004): 0.023491, (Loxodonta_africana: 0.004798, (Elephas_maximus: 0.000002, Mammuthus_primigenius: 0.000002): 0.000002): 0.298030, Elephantulus_edwardii: 0.237455);
dN tree:
(((Equus_caballus: 0.102177, (Delphinapterus_leucas: 0.060490, (Bos_taurus: 0.036169, (Capra_hircus: 0.009405, Ovis_aries: 0.013899): 0.043939): 0.067108): 0.016114): 0.000001, ((Pteropus_vampyrus: 0.018729, Rousettus_aegyptiacus: 0.031406): 0.024049, (Desmodus_rotundus: 0.025523, ((Eptesicus_fuscus: 0.010691, ((Myotis_brandtii: 0.002361, Myotis_lucifugus: 0.001769): 0.001196, Myotis_davidii: 0.002948): 0.007538): 0.007390, Miniopterus_natalensis: 0.013769): 0.002146): 0.005720): 0.008457): 0.002184, ((((Rattus_norvegicus: 0.024119, Mus_musculus: 0.014867): 0.008350, Cricetulus_griseus: 0.022407): 0.031624, Marmota_marmota: 0.026292): 0.007806, (((Galago_moholi: 0.024095, (Daubentonia_madagascariensis: 0.016651, (Microcebus_murinus: 0.035902, Eulemur_albifrons: 0.008643): 0.013590): 0.001646): 0.007720, (((Saguinus_oedipus: 0.003591, Callithrix_jacchus: 0.003419): 0.000001, (Saimiri_sciureus: 0.002920, Sapajus_apella: 0.003548): 0.001243): 0.007684, ((Papio_anubis: 0.001153, Chlorocebus_aethiops: 0.000590): 0.004783, (Gorilla_gorilla: 0.000001, (Pan_troglodytes: 0.000578, Homo_sapiens: 0.001746): 0.000001): 0.004706): 0.002523): 0.012332): 0.000809, Tupaia_chinensis: 0.027940): 0.000001): 0.003731, (Loxodonta_africana: 0.003931, (Elephas_maximus: 0.000001, Mammuthus_primigenius: 0.000001): 0.000001): 0.208181, Elephantulus_edwardii: 0.037715);

w ratios as labels for TreeView:
(((Equus_caballus #0.6985 , (Delphinapterus_leucas #0.6985 , (Bos_taurus #0.8193 , (Capra_hircus #0.8193 , Ovis_aries #0.8193 ) #0.8193 ) #0.6985 ) #0.1588 ) #0.1588 , ((Pteropus_vampyrus #0.1588 , Rousettus_aegyptiacus #0.1588 ) #0.1588 , (Desmodus_rotundus #0.1588 , ((Eptesicus_fuscus #0.1588 , ((Myotis_brandtii #0.1588 , Myotis_lucifugus #0.1588 ) #0.1588 , Myotis_davidii #0.1588 ) #0.1588 ) #0.1588 , Miniopterus_natalensis #0.1588 ) #0.1588 ) #0.1588 ) #0.1588 ) #0.1588 , ((((Rattus_norvegicus #0.1588 , Mus_musculus #0.1588 ) #0.1588 , Cricetulus_griseus #0.1588 ) #0.1588 , Marmota_marmota #0.1588 ) #0.1588 , (((Galago_moholi #0.1588 , (Daubentonia_madagascariensis #0.1588 , (Microcebus_murinus #0.1588 , Eulemur_albifrons #0.1588 ) #0.1588 ) #0.1588 ) #0.1588 , (((Saguinus_oedipus #0.1588 , Callithrix_jacchus #0.1588 ) #0.1588 , (Saimiri_sciureus #0.1588 , Sapajus_apella #0.1588 ) #0.1588 ) #0.1588 , ((Papio_anubis #0.1588 , Chlorocebus_aethiops #0.1588 ) #0.1588 , (Gorilla_gorilla #0.1588 , (Pan_troglodytes #0.1588 , Homo_sapiens #0.1588 ) #0.1588 ) #0.1588 ) #0.1588 ) #0.1588 ) #0.1588 , Tupaia_chinensis #0.1588 ) #0.1588 ) #0.1588 , (Loxodonta_africana #0.8193 , (Elephas_maximus #0.8193 , Mammuthus_primigenius #0.8193 ) #0.8193 ) #0.6985 , Elephantulus_edwardii #0.1588 );


Time used:  7:01
